<?xml version="1.0" encoding="UTF-8"?>
<testsuite xmlns:xsi="http://www.w3.org/2001/XMLSchema-instance" xsi:noNamespaceSchemaLocation="https://maven.apache.org/surefire/maven-surefire-plugin/xsd/surefire-test-report-3.0.xsd" version="3.0" name="com.app.ApplicationTest" time="0.541" tests="4" errors="0" skipped="0" failures="0">
  <properties>
[...]
</properties>
  <testcase name="testProcessData" classname="com.app.ApplicationTest" time="0.478"/>
  <testcase name="testExecuteRoles" classname="com.app.ApplicationTest" time="0.02">
    <system-out><![CDATA[CREATE ROLE "role1"
CREATE ROLE "role2"
]]></system-out>
  </testcase>
  <testcase name="testNewMethod" classname="com.app.ApplicationTest" time="0.001"/>
  <testcase name="testCloseResources" classname="com.app.ApplicationTest" time="0.014"/>
</testsuite>